<?xml version="1.0" encoding="UTF-8"?>
<!-- Generated by org.testng.reporters.JUnitXMLReporter -->
<testsuite hostname="DESKTOP-UA1PGAG" ignored="8" name="Test" tests="5" failures="0" timestamp="12 Mar 2021 07:50:53 GMT" time="309.806" errors="0">
  <testcase name="createOpportunityWithContact1" time="29.603" classname="com.Cast.Vtiger.AdvanceSearchAndSearchWithDropdownOpportunityNameDropdownEqualstest"/>
  <testcase name="createOpportunityWithContact4" time="24.345" classname="com.Cast.Vtiger.AdvanceSearchAndSearchWithDropdownOpportunityNameDropdownEndwithtest"/>
  <testcase name="createOpportunityWithContact2" time="23.772" classname="com.Cast.Vtiger.AdvanceSearchAndSearchWithDropdownOpportunityNameDropdownNotEqualstest"/>
  <testcase name="createOpportunityWithContact3" time="24.053" classname="com.Cast.Vtiger.AdvanceSearchAndSearchWithDropdownOpportunityNameDropdownStartwithtest"/>
  <testcase name="createOpportunityWithContact5" time="23.781" classname="com.Cast.Vtiger.AdvanceSearchAndSearchWithDropdownOpportunityNameDropdowncontainstest"/>
  <testcase name="@AfterSuite configAS" time="0.0" classname="com.vtigercrm.genericutilies.BaseClass">
    <ignored/>
  </testcase> <!-- @AfterSuite configAS -->
  <testcase name="@AfterSuite configAS" time="0.0" classname="com.vtigercrm.genericutilies.BaseClass">
    <ignored/>
  </testcase> <!-- @AfterSuite configAS -->
  <testcase name="@AfterSuite configAS" time="0.0" classname="com.vtigercrm.genericutilies.BaseClass">
    <ignored/>
  </testcase> <!-- @AfterSuite configAS -->
  <testcase name="@AfterSuite configAS" time="0.0" classname="com.vtigercrm.genericutilies.BaseClass">
    <ignored/>
  </testcase> <!-- @AfterSuite configAS -->
  <testcase name="@BeforeSuite configBS" time="0.0" classname="com.vtigercrm.genericutilies.BaseClass">
    <ignored/>
  </testcase> <!-- @BeforeSuite configBS -->
  <testcase name="@BeforeSuite configBS" time="0.0" classname="com.vtigercrm.genericutilies.BaseClass">
    <ignored/>
  </testcase> <!-- @BeforeSuite configBS -->
  <testcase name="@BeforeSuite configBS" time="0.0" classname="com.vtigercrm.genericutilies.BaseClass">
    <ignored/>
  </testcase> <!-- @BeforeSuite configBS -->
  <testcase name="@BeforeSuite configBS" time="0.0" classname="com.vtigercrm.genericutilies.BaseClass">
    <ignored/>
  </testcase> <!-- @BeforeSuite configBS -->
</testsuite> <!-- Test -->
